\BOOKMARK [1][-]{section.1}{\376\377\000I\000n\000t\000r\000o\000d\000u\000c\000t\000i\000o\000n}{}% 1
\BOOKMARK [2][-]{subsection.1.1}{\376\377\000C\000o\000n\000t\000r\000i\000b\000u\000t\000i\000o\000n\000s}{section.1}% 2
\BOOKMARK [1][-]{section.2}{\376\377\000B\000a\000c\000k\000g\000r\000o\000u\000n\000d}{}% 3
\BOOKMARK [2][-]{subsection.2.1}{\376\377\000P\000r\000o\000b\000a\000b\000i\000l\000i\000s\000t\000i\000c\000\040\000P\000C\000A}{section.2}% 4
\BOOKMARK [2][-]{subsection.2.2}{\376\377\000G\000r\000a\000p\000h\000\040\000L\000a\000p\000l\000a\000c\000i\000a\000n\000\040\000S\000p\000e\000c\000t\000r\000a\000l\000\040\000T\000h\000e\000o\000r\000y}{section.2}% 5
\BOOKMARK [2][-]{subsection.2.3}{\376\377\000V\000i\000b\000r\000a\000t\000i\000o\000n\000a\000l\000\040\000D\000y\000n\000a\000m\000i\000c\000s\000\040\000a\000n\000d\000\040\000S\000p\000e\000c\000t\000r\000a\000l\000\040\000G\000r\000a\000p\000h\000\040\000W\000a\000v\000e\000s}{section.2}% 6
\BOOKMARK [2][-]{subsection.2.4}{\376\377\000W\000i\000r\000i\000n\000g\000\040\000A\000u\000t\000o\000e\000n\000c\000o\000d\000e\000r\000\040\000\050\000W\000A\000E\000\051\000\040\040\024\000\040\000P\000r\000e\000d\000e\000c\000e\000s\000s\000o\000r}{section.2}% 7
\BOOKMARK [1][-]{section.3}{\376\377\000S\000p\000e\000c\000t\000r\000a\000l\000-\000P\000P\000C\000A\000\040\000G\000e\000n\000e\000r\000a\000t\000i\000v\000e\000\040\000F\000r\000a\000m\000e\000w\000o\000r\000k}{}% 8
\BOOKMARK [2][-]{subsection.3.1}{\376\377\000T\000h\000r\000e\000e\000\040\000S\000t\000r\000u\000c\000t\000u\000r\000a\000l\000\040\000P\000r\000i\000o\000r\000s}{section.3}% 9
\BOOKMARK [1][-]{section.4}{\376\377\000V\000D\000T\000:\000\040\000T\000h\000r\000e\000e\000-\000T\000e\000r\000m\000\040\000E\000L\000B\000O}{}% 10
\BOOKMARK [2][-]{subsection.4.1}{\376\377\000V\000a\000r\000i\000a\000t\000i\000o\000n\000a\000l\000\040\000F\000a\000m\000i\000l\000y}{section.4}% 11
\BOOKMARK [2][-]{subsection.4.2}{\376\377\000E\000L\000B\000O\000\040\000D\000e\000c\000o\000m\000p\000o\000s\000i\000t\000i\000o\000n}{section.4}% 12
\BOOKMARK [2][-]{subsection.4.3}{\376\377\000C\000l\000o\000s\000e\000d\000-\000F\000o\000r\000m\000\040\000K\000L\000\040\000T\000e\000r\000m\000s}{section.4}% 13
\BOOKMARK [2][-]{subsection.4.4}{\376\377\000C\000o\000m\000p\000a\000r\000i\000s\000o\000n\000\040\000w\000i\000t\000h\000\040\000W\000A\000E\000\040\000P\000r\000e\000d\000e\000c\000e\000s\000s\000o\000r}{section.4}% 14
\BOOKMARK [1][-]{section.5}{\376\377\000M\000o\000d\000e\000l\000\040\000A\000r\000c\000h\000i\000t\000e\000c\000t\000u\000r\000e}{}% 15
\BOOKMARK [2][-]{subsection.5.1}{\376\377\000D\000a\000t\000a\000\040\000F\000l\000o\000w}{section.5}% 16
\BOOKMARK [2][-]{subsection.5.2}{\376\377\000V\000i\000b\000r\000a\000t\000i\000o\000n\000a\000l\000E\000n\000c\000o\000d\000e\000r}{section.5}% 17
\BOOKMARK [2][-]{subsection.5.3}{\376\377\000S\000p\000e\000c\000t\000r\000a\000l\000L\000o\000a\000d\000i\000n\000g\000D\000e\000c\000o\000d\000e\000r}{section.5}% 18
\BOOKMARK [2][-]{subsection.5.4}{\376\377\000D\000i\000f\000f\000u\000s\000i\000o\000n\000D\000e\000c\000o\000d\000e\000r}{section.5}% 19
\BOOKMARK [2][-]{subsection.5.5}{\376\377\000V\000i\000b\000r\000a\000t\000i\000o\000n\000a\000l\000D\000e\000d\000u\000c\000t\000i\000o\000n\000T\000r\000a\000n\000s\000f\000o\000r\000m\000e\000r\000\040\000\050\000T\000o\000p\000-\000l\000e\000v\000e\000l\000\040\000M\000o\000d\000u\000l\000e\000\051}{section.5}% 20
\BOOKMARK [1][-]{section.6}{\376\377\000S\000p\000e\000c\000t\000r\000a\000l\000\040\000A\000r\000t\000e\000f\000a\000c\000t\000\040\000a\000n\000d\000\040\000A\000s\000s\000o\000c\000i\000a\000t\000i\000v\000e\000\040\000M\000e\000m\000o\000r\000y}{}% 21
\BOOKMARK [2][-]{subsection.6.1}{\376\377\000S\000p\000e\000c\000t\000r\000a\000l\000\040\000A\000r\000t\000e\000f\000a\000c\000t}{section.6}% 22
\BOOKMARK [2][-]{subsection.6.2}{\376\377\000S\000p\000e\000c\000t\000r\000a\000l\000A\000s\000s\000o\000c\000i\000a\000t\000i\000v\000e\000M\000e\000m\000o\000r\000y}{section.6}% 23
\BOOKMARK [1][-]{section.7}{\376\377\000T\000w\000o\000-\000P\000h\000a\000s\000e\000\040\000A\000r\000c\000h\000i\000t\000e\000c\000t\000u\000r\000e}{}% 24
\BOOKMARK [1][-]{section.8}{\376\377\000S\000t\000a\000b\000i\000l\000i\000t\000y\000\040\000A\000n\000a\000l\000y\000s\000i\000s}{}% 25
\BOOKMARK [1][-]{section.9}{\376\377\000B\000e\000n\000c\000h\000m\000a\000r\000k\000\040\000M\000e\000t\000r\000i\000c\000s}{}% 26
\BOOKMARK [1][-]{section.10}{\376\377\000A\000l\000g\000o\000r\000i\000t\000h\000m\000\040\000T\000r\000a\000c\000k\000s}{}% 27
\BOOKMARK [1][-]{section.11}{\376\377\000R\000e\000l\000a\000t\000i\000o\000n\000s\000h\000i\000p\000\040\000t\000o\000\040\000P\000r\000i\000o\000r\000\040\000W\000o\000r\000k}{}% 28
\BOOKMARK [1][-]{section.12}{\376\377\000D\000i\000s\000c\000u\000s\000s\000i\000o\000n\000\040\000a\000n\000d\000\040\000O\000p\000e\000n\000\040\000P\000r\000o\000b\000l\000e\000m\000s}{}% 29
\BOOKMARK [1][-]{section.13}{\376\377\000C\000o\000n\000c\000l\000u\000s\000i\000o\000n}{}% 30
