\BOOKMARK [1][-]{section.1}{\376\377\000I\000n\000t\000r\000o\000d\000u\000c\000t\000i\000o\000n}{}% 1
\BOOKMARK [1][-]{section.2}{\376\377\000D\000u\000a\000l\000\040\000s\000p\000a\000c\000e\000s\000\040\000a\000n\000d\000\040\000t\000h\000e\000\040\000r\000o\000l\000e\000\040\000o\000f\000\040\000t\000h\000e\000\040\000t\000r\000a\000n\000s\000p\000o\000s\000e}{}% 2
\BOOKMARK [1][-]{section.3}{\376\377\000F\000e\000a\000t\000u\000r\000e\000\040\000g\000r\000a\000p\000h\000\040\000a\000n\000d\000\040\000m\000a\000s\000s\000-\000w\000e\000i\000g\000h\000t\000e\000d\000\040\000R\000a\000y\000l\000e\000i\000g\000h\000\040\000q\000u\000o\000t\000i\000e\000n\000t}{}% 3
\BOOKMARK [2][-]{subsection.3.1}{\376\377\000L\000a\000p\000l\000a\000c\000i\000a\000n\000,\000\040\000m\000a\000s\000s\000\040\000m\000a\000t\000r\000i\000x\000,\000\040\000a\000n\000d\000\040\000R\000a\000y\000l\000e\000i\000g\000h\000\040\000q\000u\000o\000t\000i\000e\000n\000t}{section.3}% 4
\BOOKMARK [2][-]{subsection.3.2}{\376\377\000R\000e\000l\000a\000t\000i\000o\000n\000s\000h\000i\000p\000\040\000t\000o\000\040\000A\000r\000r\000o\000w\000S\000p\000a\000c\000e\000\040\000a\000n\000d\000\040\000G\000r\000a\000p\000h\000\040\000W\000i\000r\000i\000n\000g}{section.3}% 5
\BOOKMARK [1][-]{section.4}{\376\377\000A\000\040\000m\000a\000s\000s\000-\000w\000e\000i\000g\000h\000t\000e\000d\000\040\000L\000a\000p\000l\000a\000c\000i\000a\000n\000-\000r\000e\000g\000u\000l\000a\000r\000i\000s\000e\000d\000\040\000c\000o\000s\000t}{}% 6
\BOOKMARK [1][-]{section.5}{\376\377\000L\000a\000p\000l\000a\000c\000i\000a\000n\000-\000p\000r\000e\000c\000o\000n\000d\000i\000t\000i\000o\000n\000e\000d\000\040\000g\000r\000a\000d\000i\000e\000n\000t\000\040\000d\000e\000s\000c\000e\000n\000t}{}% 7
\BOOKMARK [2][-]{subsection.5.1}{\376\377\000E\000x\000p\000l\000i\000c\000i\000t\000\040\000a\000n\000d\000\040\000i\000m\000p\000l\000i\000c\000i\000t\000\040\000s\000m\000o\000o\000t\000h\000i\000n\000g}{section.5}% 8
\BOOKMARK [2][-]{subsection.5.2}{\376\377\000C\000o\000n\000v\000e\000r\000g\000e\000n\000c\000e\000\040\000i\000n\000\040\000t\000h\000e\000\040\000q\000u\000a\000d\000r\000a\000t\000i\000c\000\040\000c\000a\000s\000e}{section.5}% 9
\BOOKMARK [2][-]{subsection.5.3}{\376\377\000A\000l\000g\000o\000r\000i\000t\000h\000m\000i\000c\000\040\000s\000u\000m\000m\000a\000r\000y}{section.5}% 10
\BOOKMARK [1][-]{section.6}{\376\377\000T\000a\000u\000m\000o\000d\000e\000\040\000f\000r\000e\000q\000u\000e\000n\000c\000y\000\040\000r\000e\000g\000u\000l\000a\000r\000i\000s\000a\000t\000i\000o\000n}{}% 11
\BOOKMARK [1][-]{section.7}{\376\377\000G\000r\000a\000d\000i\000e\000n\000t\000\040\000d\000e\000s\000c\000e\000n\000t\000\040\000a\000s\000\040\000a\000\040\000s\000e\000t\000t\000l\000i\000n\000g\000\040\000v\000i\000b\000r\000a\000t\000i\000o\000n\000a\000l\000\040\000s\000y\000s\000t\000e\000m}{}% 12
\BOOKMARK [2][-]{subsection.7.1}{\376\377\000L\000o\000s\000s\000\040\000l\000a\000n\000d\000s\000c\000a\000p\000e\000s\000\040\000a\000s\000\040\000v\000i\000b\000r\000a\000t\000i\000o\000n\000a\000l\000\040\000p\000o\000t\000e\000n\000t\000i\000a\000l\000s}{section.7}% 13
\BOOKMARK [2][-]{subsection.7.2}{\376\377\000F\000r\000o\000m\000\040\000o\000v\000e\000r\000d\000a\000m\000p\000e\000d\000\040\000d\000e\000s\000c\000e\000n\000t\000\040\000t\000o\000\040\000e\000x\000p\000l\000i\000c\000i\000t\000\040\000v\000i\000b\000r\000a\000t\000i\000o\000n}{section.7}% 14
\BOOKMARK [1][-]{section.8}{\376\377\000T\000h\000e\000\040\000V\000i\000b\000r\000a\000t\000i\000o\000n\000a\000l\000\040\000D\000e\000d\000u\000c\000t\000i\000o\000n\000\040\000T\000r\000a\000n\000s\000f\000o\000r\000m\000e\000r}{}% 15
\BOOKMARK [2][-]{subsection.8.1}{\376\377\000L\000a\000t\000t\000i\000c\000e\000\040\000D\000e\000d\000u\000c\000t\000i\000o\000n\000\040\000T\000r\000a\000n\000s\000f\000o\000r\000m\000e\000r\000s\000\040\000a\000s\000\040\000s\000t\000r\000u\000c\000t\000u\000r\000a\000l\000\040\000i\000n\000s\000p\000i\000r\000a\000t\000i\000o\000n}{section.8}% 16
\BOOKMARK [2][-]{subsection.8.2}{\376\377\000O\000v\000e\000r\000a\000l\000l\000\040\000r\000e\000c\000u\000r\000r\000e\000n\000t\000\040\000s\000t\000r\000u\000c\000t\000u\000r\000e}{section.8}% 17
\BOOKMARK [2][-]{subsection.8.3}{\376\377\000F\000e\000a\000t\000u\000r\000e\000\040\000g\000r\000a\000p\000h\000\040\000c\000o\000n\000s\000t\000r\000u\000c\000t\000i\000o\000n}{section.8}% 18
\BOOKMARK [2][-]{subsection.8.4}{\376\377\000V\000i\000b\000r\000a\000t\000i\000o\000n\000a\000l\000\040\000s\000t\000a\000t\000e\000\040\000b\000l\000o\000c\000k}{section.8}% 19
\BOOKMARK [2][-]{subsection.8.5}{\376\377\000S\000p\000e\000c\000t\000r\000a\000l\000\040\000f\000o\000r\000m\000u\000l\000a\000t\000i\000o\000n}{section.8}% 20
\BOOKMARK [1][-]{section.9}{\376\377\000S\000i\000g\000n\000e\000d\000\040\000D\000e\000n\000s\000i\000t\000y\000\040\000M\000a\000t\000r\000i\000x\000\040\000S\000t\000a\000t\000e}{}% 21
\BOOKMARK [2][-]{subsection.9.1}{\376\377\000M\000o\000t\000i\000v\000a\000t\000i\000o\000n}{section.9}% 22
\BOOKMARK [2][-]{subsection.9.2}{\376\377\000D\000e\000f\000i\000n\000i\000t\000i\000o\000n}{section.9}% 23
\BOOKMARK [2][-]{subsection.9.3}{\376\377\000U\000p\000d\000a\000t\000e\000\040\000e\000q\000u\000a\000t\000i\000o\000n\000s}{section.9}% 24
\BOOKMARK [2][-]{subsection.9.4}{\376\377\000O\000b\000s\000e\000r\000v\000a\000b\000l\000e\000s}{section.9}% 25
\BOOKMARK [2][-]{subsection.9.5}{\376\377\000R\000e\000p\000r\000o\000j\000e\000c\000t\000i\000o\000n\000\040\000i\000n\000t\000o\000\040\000t\000h\000e\000\040\000V\000D\000T\000\040\000r\000e\000c\000u\000r\000r\000e\000n\000c\000e}{section.9}% 26
\BOOKMARK [1][-]{section.10}{\376\377\000T\000r\000a\000i\000n\000i\000n\000g\000\040\000O\000b\000j\000e\000c\000t\000i\000v\000e\000s}{}% 27
\BOOKMARK [1][-]{section.11}{\376\377\000E\000x\000p\000e\000r\000i\000m\000e\000n\000t\000s}{}% 28
\BOOKMARK [2][-]{subsection.11.1}{\376\377\000E\000x\000p\000e\000r\000i\000m\000e\000n\000t\000a\000l\000\040\000p\000r\000o\000t\000o\000c\000o\000l\000\040\000f\000o\000l\000l\000o\000w\000i\000n\000g\000\040\000L\000D\000T}{section.11}% 29
\BOOKMARK [2][-]{subsection.11.2}{\376\377\000M\000e\000t\000r\000i\000c\000s}{section.11}% 30
\BOOKMARK [2][-]{subsection.11.3}{\376\377\000H\000y\000p\000o\000t\000h\000e\000s\000e\000s}{section.11}% 31
\BOOKMARK [1][-]{section.12}{\376\377\000D\000i\000s\000c\000u\000s\000s\000i\000o\000n}{}% 32
\BOOKMARK [1][-]{section.13}{\376\377\000C\000o\000n\000c\000l\000u\000s\000i\000o\000n}{}% 33
\BOOKMARK [1][-]{appendix.A}{\376\377\000P\000r\000o\000o\000f\000\040\000o\000f\000\040\000P\000r\000o\000p\000o\000s\000i\000t\000i\000o\000n\000\040\0005\000.\0001}{}% 34
\BOOKMARK [2][-]{subsection.A.1}{\376\377\000S\000t\000e\000p\000\040\0001\000:\000\040\000P\000,\000M\000\040\000i\000s\000\040\000s\000y\000m\000m\000e\000t\000r\000i\000c\000\040\000p\000o\000s\000i\000t\000i\000v\000e\000\040\000d\000e\000f\000i\000n\000i\000t\000e}{appendix.A}% 35
\BOOKMARK [2][-]{subsection.A.2}{\376\377\000S\000t\000e\000p\000\040\0002\000:\000\040\000p\000o\000s\000i\000t\000i\000v\000e\000\040\000s\000p\000e\000c\000t\000r\000u\000m\000\040\000o\000f\000\040\000t\000h\000e\000\040\000p\000r\000e\000c\000o\000n\000d\000i\000t\000i\000o\000n\000e\000d\000\040\000H\000e\000s\000s\000i\000a\000n}{appendix.A}% 36
\BOOKMARK [2][-]{subsection.A.3}{\376\377\000S\000t\000e\000p\000\040\0003\000:\000\040\000c\000o\000n\000t\000r\000a\000c\000t\000i\000o\000n\000\040\000i\000n\000\040\000t\000h\000e\000\040\000w\000e\000i\000g\000h\000t\000e\000d\000\040\000n\000o\000r\000m}{appendix.A}% 37
\BOOKMARK [2][-]{subsection.A.4}{\376\377\000S\000t\000e\000p\000\040\0004\000:\000\040\000e\000q\000u\000i\000v\000a\000l\000e\000n\000c\000e\000\040\000o\000f\000\040\000n\000o\000r\000m\000s}{appendix.A}% 38
\BOOKMARK [1][-]{appendix.B}{\376\377\000P\000y\000T\000o\000r\000c\000h\000\040\000I\000m\000p\000l\000e\000m\000e\000n\000t\000a\000t\000i\000o\000n\000\040\000o\000f\000\040\000t\000h\000e\000\040\000V\000D\000T\000\040\000C\000o\000r\000e}{}% 39
\BOOKMARK [2][-]{subsection.B.1}{\376\377\000F\000e\000a\000t\000u\000r\000e\000\040\000g\000r\000a\000p\000h\000\040\000a\000n\000d\000\040\000L\000a\000p\000l\000a\000c\000i\000a\000n}{appendix.B}% 40
\BOOKMARK [2][-]{subsection.B.2}{\376\377\000V\000i\000b\000r\000a\000t\000i\000o\000n\000a\000l\000\040\000s\000t\000a\000t\000e\000\040\000b\000l\000o\000c\000k}{appendix.B}% 41
\BOOKMARK [2][-]{subsection.B.3}{\376\377\000S\000i\000g\000n\000e\000d\000\040\000d\000e\000n\000s\000i\000t\000y\000\040\000m\000a\000t\000r\000i\000x}{appendix.B}% 42
\BOOKMARK [2][-]{subsection.B.4}{\376\377\000F\000u\000l\000l\000\040\000V\000D\000T\000\040\000f\000o\000r\000w\000a\000r\000d\000\040\000p\000a\000s\000s}{appendix.B}% 43
\BOOKMARK [1][-]{appendix.C}{\376\377\000L\000D\000T\000-\000M\000i\000r\000r\000o\000r\000e\000d\000\040\000B\000e\000n\000c\000h\000m\000a\000r\000k\000\040\000T\000a\000s\000k\000s}{}% 44
\BOOKMARK [2][-]{subsection.C.1}{\376\377\000T\000a\000s\000k\000\040\0001\000:\000\040\000P\000r\000o\000p\000o\000s\000i\000t\000i\000o\000n\000a\000l\000\040\000S\000A\000T}{appendix.C}% 45
\BOOKMARK [2][-]{subsection.C.2}{\376\377\000T\000a\000s\000k\000\040\0002\000:\000\040\000S\000y\000l\000l\000o\000g\000i\000s\000t\000i\000c\000\040\000d\000e\000d\000u\000c\000t\000i\000o\000n}{appendix.C}% 46
\BOOKMARK [2][-]{subsection.C.3}{\376\377\000T\000a\000s\000k\000\040\0003\000:\000\040\000M\000u\000l\000t\000i\000-\000s\000t\000e\000p\000\040\000n\000u\000m\000e\000r\000i\000c\000\040\000r\000e\000a\000s\000o\000n\000i\000n\000g}{appendix.C}% 47
